<?xml version="1.0" encoding="UTF-8"?>
<testng-results ignored="0" total="1" passed="1" failed="0" skipped="0">
  <reporter-output>
  </reporter-output>
  <suite started-at="2024-11-26T11:11:40 IST" name="Default suite" finished-at="2024-11-26T11:11:45 IST" duration-ms="4894">
    <groups>
    </groups>
    <test started-at="2024-11-26T11:11:40 IST" name="Default test" finished-at="2024-11-26T11:11:45 IST" duration-ms="4894">
      <class name="AmazonAuto.TodaysDeals">
        <test-method signature="getTodaysDealItems()[pri:0, instance:AmazonAuto.TodaysDeals@4fcee388]" started-at="2024-11-26T11:11:40 IST" name="getTodaysDealItems" finished-at="2024-11-26T11:11:45 IST" duration-ms="4859" status="PASS">
          <reporter-output>
          </reporter-output>
        </test-method> <!-- getTodaysDealItems -->
      </class> <!-- AmazonAuto.TodaysDeals -->
    </test> <!-- Default test -->
  </suite> <!-- Default suite -->
</testng-results>
