<?xml version="1.0" encoding="UTF-8"?>
<testng-results ignored="0" total="1" passed="1" failed="0" skipped="0">
  <reporter-output>
  </reporter-output>
  <suite started-at="2024-11-20T10:41:15 IST" name="Default suite" finished-at="2024-11-20T10:41:20 IST" duration-ms="4883">
    <groups>
    </groups>
    <test started-at="2024-11-20T10:41:15 IST" name="Default test" finished-at="2024-11-20T10:41:20 IST" duration-ms="4883">
      <class name="AmazonAuto.AmanzonAuto.TodaysDeals">
        <test-method signature="getTodaysDealItems()[pri:0, instance:AmazonAuto.AmanzonAuto.TodaysDeals@4fcee388]" started-at="2024-11-20T10:41:15 IST" name="getTodaysDealItems" finished-at="2024-11-20T10:41:20 IST" duration-ms="4849" status="PASS">
          <reporter-output>
          </reporter-output>
        </test-method> <!-- getTodaysDealItems -->
      </class> <!-- AmazonAuto.AmanzonAuto.TodaysDeals -->
    </test> <!-- Default test -->
  </suite> <!-- Default suite -->
</testng-results>
